<?xml version="1.0" encoding="UTF-8"?>
<!-- Generated by org.testng.reporters.JUnitXMLReporter -->
<testsuite ignored="0" hostname="DESKTOP-QELDF29" failures="0" tests="4" name="Default test" time="0.107" errors="0" timestamp="2024-01-10T22:52:52 IST">
  <testcase classname="testBasic.TestDemo2" name="BikeLoan" time="0.015"/>
  <testcase classname="testBasic.TestDemo2" name="CarLoan" time="0.002"/>
  <testcase classname="testBasic.TestDemo2" name="HomeLoan" time="0.002"/>
  <testcase classname="testBasic.TestDemo2" name="MobileLoan" time="0.002"/>
</testsuite> <!-- Default test -->
