<?xml version="1.0" encoding="UTF-8"?>
<!-- Generated by org.testng.reporters.JUnitXMLReporter -->
<testsuite ignored="1" hostname="DESKTOP-QELDF29" failures="0" tests="2" name="Test" time="0.114" errors="0" timestamp="2024-01-11T22:22:38 IST">
  <testcase classname="testBasic.TestNG_Basic" name="Demo" time="0.017"/>
  <testcase classname="testBasic.TestNGDemo2" name="DemoThired" time="0.007"/>
  <testcase classname="testBasic.TestNG_Basic" name="DemoSecond" time="0.0">
    <ignored/>
  </testcase> <!-- DemoSecond -->
</testsuite> <!-- Test -->
