<?xml version="1.0" encoding="UTF-8"?>
<testng-results ignored="0" total="2" passed="2" failed="0" skipped="0">
  <reporter-output>
  </reporter-output>
  <suite started-at="2024-01-11T22:22:37 IST" name="Suite" finished-at="2024-01-11T22:22:38 IST" duration-ms="114">
    <groups>
      <group name="Smoke">
        <method signature="TestNGDemo2.DemoThired()[pri:0, instance:testBasic.TestNGDemo2@6dc17b83]" name="DemoThired" class="testBasic.TestNGDemo2"/>
        <method signature="TestNG_Basic.Demo()[pri:0, instance:testBasic.TestNG_Basic@1d9b7cce]" name="Demo" class="testBasic.TestNG_Basic"/>
      </group> <!-- Smoke -->
    </groups>
    <test started-at="2024-01-11T22:22:37 IST" name="Test" finished-at="2024-01-11T22:22:38 IST" duration-ms="114">
      <class name="testBasic.TestNGDemo2">
        <test-method signature="DemoThired()[pri:0, instance:testBasic.TestNGDemo2@6dc17b83]" started-at="2024-01-11T22:22:38 IST" name="DemoThired" finished-at="2024-01-11T22:22:38 IST" duration-ms="7" status="PASS">
          <reporter-output>
          </reporter-output>
        </test-method> <!-- DemoThired -->
      </class> <!-- testBasic.TestNGDemo2 -->
      <class name="testBasic.TestNG_Basic">
        <test-method signature="Demo()[pri:0, instance:testBasic.TestNG_Basic@1d9b7cce]" started-at="2024-01-11T22:22:37 IST" name="Demo" finished-at="2024-01-11T22:22:38 IST" duration-ms="17" status="PASS">
          <reporter-output>
          </reporter-output>
        </test-method> <!-- Demo -->
      </class> <!-- testBasic.TestNG_Basic -->
    </test> <!-- Test -->
  </suite> <!-- Suite -->
</testng-results>
